Gemini/TaskMaster/app/build/intermediates/manifest_merge_blame_file/release/processReleaseMainManifest/manifest-merger-blame-release-report.txt
1<?xml version="1.0" encoding="utf-8"?>
2<manifest xmlns:android="http://schemas.android.com/apk/res/android"
3    package="com.example.taskmaster"
4    android:versionCode="1"
5    android:versionName="1.0" >
6
7    <uses-sdk
8        android:minSdkVersion="26"
9        android:targetSdkVersion="35" />
10
11    <!-- Requires network access for Firebase -->
12    <uses-permission android:name="android.permission.INTERNET" />
12-->src\main\AndroidManifest.xml:6:5-67
12-->src\main\AndroidManifest.xml:6:22-64
13    <uses-permission android:name="android.permission.ACCESS_NETWORK_STATE" />
13-->src\main\AndroidManifest.xml:7:5-79
13-->src\main\AndroidManifest.xml:7:22-76
14    <uses-permission android:name="com.google.android.providers.gsf.permission.READ_GSERVICES" />
14-->[com.google.android.recaptcha:recaptcha:18.4.0] AndroidManifest.xml:9:5-98
14-->[com.google.android.recaptcha:recaptcha:18.4.0] AndroidManifest.xml:9:22-95
15
16    <permission
16-->[androidx.core:core:1.13.1] AndroidManifest.xml:22:5-24:47
17        android:name="com.example.taskmaster.DYNAMIC_RECEIVER_NOT_EXPORTED_PERMISSION"
17-->[androidx.core:core:1.13.1] AndroidManifest.xml:23:9-81
18        android:protectionLevel="signature" />
18-->[androidx.core:core:1.13.1] AndroidManifest.xml:24:9-44
19
20    <uses-permission android:name="com.example.taskmaster.DYNAMIC_RECEIVER_NOT_EXPORTED_PERMISSION" />
20-->[androidx.core:core:1.13.1] AndroidManifest.xml:26:5-97
20-->[androidx.core:core:1.13.1] AndroidManifest.xml:26:22-94
21
22    <application
22-->src\main\AndroidManifest.xml:9:5-30:19
23        android:name="com.example.taskmaster.TaskMasterApp"
23-->src\main\AndroidManifest.xml:10:9-38
24        android:allowBackup="true"
24-->src\main\AndroidManifest.xml:11:9-35
25        android:appComponentFactory="androidx.core.app.CoreComponentFactory"
25-->[androidx.core:core:1.13.1] AndroidManifest.xml:28:18-86
26        android:dataExtractionRules="@xml/data_extraction_rules"
26-->src\main\AndroidManifest.xml:12:9-65
27        android:extractNativeLibs="false"
28        android:fullBackupContent="@xml/backup_rules"
28-->src\main\AndroidManifest.xml:13:9-54
29        android:icon="@android:drawable/sym_def_app_icon"
29-->src\main\AndroidManifest.xml:14:9-58
30        android:label="TaskMaster"
30-->src\main\AndroidManifest.xml:15:9-35
31        android:roundIcon="@android:drawable/sym_def_app_icon"
31-->src\main\AndroidManifest.xml:16:9-63
32        android:supportsRtl="true"
32-->src\main\AndroidManifest.xml:17:9-35
33        android:theme="@style/Theme.TaskMaster" >
33-->src\main\AndroidManifest.xml:18:9-48
34        <activity
34-->src\main\AndroidManifest.xml:20:9-29:20
35            android:name="com.example.taskmaster.MainActivity"
35-->src\main\AndroidManifest.xml:21:13-41
36            android:exported="true"
36-->src\main\AndroidManifest.xml:22:13-36
37            android:theme="@style/Theme.TaskMaster" >
37-->src\main\AndroidManifest.xml:23:13-52
38            <intent-filter>
38-->src\main\AndroidManifest.xml:24:13-28:29
39                <action android:name="android.intent.action.MAIN" />
39-->src\main\AndroidManifest.xml:25:17-69
39-->src\main\AndroidManifest.xml:25:25-66
40
41                <category android:name="android.intent.category.LAUNCHER" />
41-->src\main\AndroidManifest.xml:27:17-77
41-->src\main\AndroidManifest.xml:27:27-74
42            </intent-filter>
43        </activity>
44        <activity
44-->[com.google.firebase:firebase-auth:23.0.0] AndroidManifest.xml:29:9-46:20
45            android:name="com.google.firebase.auth.internal.GenericIdpActivity"
45-->[com.google.firebase:firebase-auth:23.0.0] AndroidManifest.xml:30:13-80
46            android:excludeFromRecents="true"
46-->[com.google.firebase:firebase-auth:23.0.0] AndroidManifest.xml:31:13-46
47            android:exported="true"
47-->[com.google.firebase:firebase-auth:23.0.0] AndroidManifest.xml:32:13-36
48            android:launchMode="singleTask"
48-->[com.google.firebase:firebase-auth:23.0.0] AndroidManifest.xml:33:13-44
49            android:theme="@android:style/Theme.Translucent.NoTitleBar" >
49-->[com.google.firebase:firebase-auth:23.0.0] AndroidManifest.xml:34:13-72
50            <intent-filter>
50-->[com.google.firebase:firebase-auth:23.0.0] AndroidManifest.xml:35:13-45:29
51                <action android:name="android.intent.action.VIEW" />
51-->[com.google.firebase:firebase-auth:23.0.0] AndroidManifest.xml:36:17-69
51-->[com.google.firebase:firebase-auth:23.0.0] AndroidManifest.xml:36:25-66
52
53                <category android:name="android.intent.category.DEFAULT" />
53-->[com.google.firebase:firebase-auth:23.0.0] AndroidManifest.xml:38:17-76
53-->[com.google.firebase:firebase-auth:23.0.0] AndroidManifest.xml:38:27-73
54                <category android:name="android.intent.category.BROWSABLE" />
54-->[com.google.firebase:firebase-auth:23.0.0] AndroidManifest.xml:39:17-78
54-->[com.google.firebase:firebase-auth:23.0.0] AndroidManifest.xml:39:27-75
55
56                <data
56-->[com.google.firebase:firebase-auth:23.0.0] AndroidManifest.xml:41:17-44:51
57                    android:host="firebase.auth"
57-->[com.google.firebase:firebase-auth:23.0.0] AndroidManifest.xml:42:21-49
58                    android:path="/"
58-->[com.google.firebase:firebase-auth:23.0.0] AndroidManifest.xml:43:21-37
59                    android:scheme="genericidp" />
59-->[com.google.firebase:firebase-auth:23.0.0] AndroidManifest.xml:44:21-48
60            </intent-filter>
61        </activity>
62        <activity
62-->[com.google.firebase:firebase-auth:23.0.0] AndroidManifest.xml:47:9-64:20
63            android:name="com.google.firebase.auth.internal.RecaptchaActivity"
63-->[com.google.firebase:firebase-auth:23.0.0] AndroidManifest.xml:48:13-79
64            android:excludeFromRecents="true"
64-->[com.google.firebase:firebase-auth:23.0.0] AndroidManifest.xml:49:13-46
65            android:exported="true"
65-->[com.google.firebase:firebase-auth:23.0.0] AndroidManifest.xml:50:13-36
66            android:launchMode="singleTask"
66-->[com.google.firebase:firebase-auth:23.0.0] AndroidManifest.xml:51:13-44
67            android:theme="@android:style/Theme.Translucent.NoTitleBar" >
67-->[com.google.firebase:firebase-auth:23.0.0] AndroidManifest.xml:52:13-72
68            <intent-filter>
68-->[com.google.firebase:firebase-auth:23.0.0] AndroidManifest.xml:53:13-63:29
69                <action android:name="android.intent.action.VIEW" />
69-->[com.google.firebase:firebase-auth:23.0.0] AndroidManifest.xml:36:17-69
69-->[com.google.firebase:firebase-auth:23.0.0] AndroidManifest.xml:36:25-66
70
71                <category android:name="android.intent.category.DEFAULT" />
71-->[com.google.firebase:firebase-auth:23.0.0] AndroidManifest.xml:38:17-76
71-->[com.google.firebase:firebase-auth:23.0.0] AndroidManifest.xml:38:27-73
72                <category android:name="android.intent.category.BROWSABLE" />
72-->[com.google.firebase:firebase-auth:23.0.0] AndroidManifest.xml:39:17-78
72-->[com.google.firebase:firebase-auth:23.0.0] AndroidManifest.xml:39:27-75
73
74                <data
74-->[com.google.firebase:firebase-auth:23.0.0] AndroidManifest.xml:41:17-44:51
75                    android:host="firebase.auth"
75-->[com.google.firebase:firebase-auth:23.0.0] AndroidManifest.xml:42:21-49
76                    android:path="/"
76-->[com.google.firebase:firebase-auth:23.0.0] AndroidManifest.xml:43:21-37
77                    android:scheme="recaptcha" />
77-->[com.google.firebase:firebase-auth:23.0.0] AndroidManifest.xml:44:21-48
78            </intent-filter>
79        </activity>
80
81        <service
81-->[com.google.firebase:firebase-auth:23.0.0] AndroidManifest.xml:66:9-72:19
82            android:name="com.google.firebase.components.ComponentDiscoveryService"
82-->[com.google.firebase:firebase-auth:23.0.0] AndroidManifest.xml:67:13-84
83            android:directBootAware="true"
83-->[com.google.firebase:firebase-common:21.0.0] AndroidManifest.xml:32:13-43
84            android:exported="false" >
84-->[com.google.firebase:firebase-auth:23.0.0] AndroidManifest.xml:68:13-37
85            <meta-data
85-->[com.google.firebase:firebase-auth:23.0.0] AndroidManifest.xml:69:13-71:85
86                android:name="com.google.firebase.components:com.google.firebase.auth.FirebaseAuthRegistrar"
86-->[com.google.firebase:firebase-auth:23.0.0] AndroidManifest.xml:70:17-109
87                android:value="com.google.firebase.components.ComponentRegistrar" />
87-->[com.google.firebase:firebase-auth:23.0.0] AndroidManifest.xml:71:17-82
88            <meta-data
88-->[com.google.firebase:firebase-firestore:25.1.0] AndroidManifest.xml:17:13-19:85
89                android:name="com.google.firebase.components:com.google.firebase.firestore.FirebaseFirestoreKtxRegistrar"
89-->[com.google.firebase:firebase-firestore:25.1.0] AndroidManifest.xml:18:17-122
90                android:value="com.google.firebase.components.ComponentRegistrar" />
90-->[com.google.firebase:firebase-firestore:25.1.0] AndroidManifest.xml:19:17-82
91            <meta-data
91-->[com.google.firebase:firebase-firestore:25.1.0] AndroidManifest.xml:20:13-22:85
92                android:name="com.google.firebase.components:com.google.firebase.firestore.FirestoreRegistrar"
92-->[com.google.firebase:firebase-firestore:25.1.0] AndroidManifest.xml:21:17-111
93                android:value="com.google.firebase.components.ComponentRegistrar" />
93-->[com.google.firebase:firebase-firestore:25.1.0] AndroidManifest.xml:22:17-82
94            <meta-data
94-->[com.google.firebase:firebase-common-ktx:21.0.0] AndroidManifest.xml:12:13-14:85
95                android:name="com.google.firebase.components:com.google.firebase.ktx.FirebaseCommonLegacyRegistrar"
95-->[com.google.firebase:firebase-common-ktx:21.0.0] AndroidManifest.xml:13:17-116
96                android:value="com.google.firebase.components.ComponentRegistrar" />
96-->[com.google.firebase:firebase-common-ktx:21.0.0] AndroidManifest.xml:14:17-82
97            <meta-data
97-->[com.google.firebase:firebase-common:21.0.0] AndroidManifest.xml:35:13-37:85
98                android:name="com.google.firebase.components:com.google.firebase.FirebaseCommonKtxRegistrar"
98-->[com.google.firebase:firebase-common:21.0.0] AndroidManifest.xml:36:17-109
99                android:value="com.google.firebase.components.ComponentRegistrar" />
99-->[com.google.firebase:firebase-common:21.0.0] AndroidManifest.xml:37:17-82
100        </service>
101        <service
101-->[androidx.credentials:credentials-play-services-auth:1.2.0-rc01] AndroidManifest.xml:24:9-32:19
102            android:name="androidx.credentials.playservices.CredentialProviderMetadataHolder"
102-->[androidx.credentials:credentials-play-services-auth:1.2.0-rc01] AndroidManifest.xml:25:13-94
103            android:enabled="true"
103-->[androidx.credentials:credentials-play-services-auth:1.2.0-rc01] AndroidManifest.xml:26:13-35
104            android:exported="false" >
104-->[androidx.credentials:credentials-play-services-auth:1.2.0-rc01] AndroidManifest.xml:27:13-37
105            <meta-data
105-->[androidx.credentials:credentials-play-services-auth:1.2.0-rc01] AndroidManifest.xml:29:13-31:104
106                android:name="androidx.credentials.CREDENTIAL_PROVIDER_KEY"
106-->[androidx.credentials:credentials-play-services-auth:1.2.0-rc01] AndroidManifest.xml:30:17-76
107                android:value="androidx.credentials.playservices.CredentialProviderPlayServicesImpl" />
107-->[androidx.credentials:credentials-play-services-auth:1.2.0-rc01] AndroidManifest.xml:31:17-101
108        </service>
109
110        <activity
110-->[androidx.credentials:credentials-play-services-auth:1.2.0-rc01] AndroidManifest.xml:34:9-41:20
111            android:name="androidx.credentials.playservices.HiddenActivity"
111-->[androidx.credentials:credentials-play-services-auth:1.2.0-rc01] AndroidManifest.xml:35:13-76
112            android:configChanges="orientation|screenSize|screenLayout|keyboardHidden"
112-->[androidx.credentials:credentials-play-services-auth:1.2.0-rc01] AndroidManifest.xml:36:13-87
113            android:enabled="true"
113-->[androidx.credentials:credentials-play-services-auth:1.2.0-rc01] AndroidManifest.xml:37:13-35
114            android:exported="false"
114-->[androidx.credentials:credentials-play-services-auth:1.2.0-rc01] AndroidManifest.xml:38:13-37
115            android:fitsSystemWindows="true"
115-->[androidx.credentials:credentials-play-services-auth:1.2.0-rc01] AndroidManifest.xml:39:13-45
116            android:theme="@style/Theme.Hidden" >
116-->[androidx.credentials:credentials-play-services-auth:1.2.0-rc01] AndroidManifest.xml:40:13-48
117        </activity>
118        <activity
118-->[com.google.android.gms:play-services-auth:20.7.0] AndroidManifest.xml:23:9-27:75
119            android:name="com.google.android.gms.auth.api.signin.internal.SignInHubActivity"
119-->[com.google.android.gms:play-services-auth:20.7.0] AndroidManifest.xml:24:13-93
120            android:excludeFromRecents="true"
120-->[com.google.android.gms:play-services-auth:20.7.0] AndroidManifest.xml:25:13-46
121            android:exported="false"
121-->[com.google.android.gms:play-services-auth:20.7.0] AndroidManifest.xml:26:13-37
122            android:theme="@android:style/Theme.Translucent.NoTitleBar" />
122-->[com.google.android.gms:play-services-auth:20.7.0] AndroidManifest.xml:27:13-72
123        <!--
124            Service handling Google Sign-In user revocation. For apps that do not integrate with
125            Google Sign-In, this service will never be started.
126        -->
127        <service
127-->[com.google.android.gms:play-services-auth:20.7.0] AndroidManifest.xml:33:9-37:51
128            android:name="com.google.android.gms.auth.api.signin.RevocationBoundService"
128-->[com.google.android.gms:play-services-auth:20.7.0] AndroidManifest.xml:34:13-89
129            android:exported="true"
129-->[com.google.android.gms:play-services-auth:20.7.0] AndroidManifest.xml:35:13-36
130            android:permission="com.google.android.gms.auth.api.signin.permission.REVOCATION_NOTIFICATION"
130-->[com.google.android.gms:play-services-auth:20.7.0] AndroidManifest.xml:36:13-107
131            android:visibleToInstantApps="true" />
131-->[com.google.android.gms:play-services-auth:20.7.0] AndroidManifest.xml:37:13-48
132
133        <provider
133-->[com.google.firebase:firebase-common:21.0.0] AndroidManifest.xml:23:9-28:39
134            android:name="com.google.firebase.provider.FirebaseInitProvider"
134-->[com.google.firebase:firebase-common:21.0.0] AndroidManifest.xml:24:13-77
135            android:authorities="com.example.taskmaster.firebaseinitprovider"
135-->[com.google.firebase:firebase-common:21.0.0] AndroidManifest.xml:25:13-72
136            android:directBootAware="true"
136-->[com.google.firebase:firebase-common:21.0.0] AndroidManifest.xml:26:13-43
137            android:exported="false"
137-->[com.google.firebase:firebase-common:21.0.0] AndroidManifest.xml:27:13-37
138            android:initOrder="100" />
138-->[com.google.firebase:firebase-common:21.0.0] AndroidManifest.xml:28:13-36
139
140        <activity
140-->[com.google.android.gms:play-services-base:18.0.1] AndroidManifest.xml:20:9-22:45
141            android:name="com.google.android.gms.common.api.GoogleApiActivity"
141-->[com.google.android.gms:play-services-base:18.0.1] AndroidManifest.xml:20:19-85
142            android:exported="false"
142-->[com.google.android.gms:play-services-base:18.0.1] AndroidManifest.xml:22:19-43
143            android:theme="@android:style/Theme.Translucent.NoTitleBar" />
143-->[com.google.android.gms:play-services-base:18.0.1] AndroidManifest.xml:21:19-78
144
145        <provider
145-->[androidx.emoji2:emoji2:1.3.0] AndroidManifest.xml:24:9-32:20
146            android:name="androidx.startup.InitializationProvider"
146-->[androidx.emoji2:emoji2:1.3.0] AndroidManifest.xml:25:13-67
147            android:authorities="com.example.taskmaster.androidx-startup"
147-->[androidx.emoji2:emoji2:1.3.0] AndroidManifest.xml:26:13-68
148            android:exported="false" >
148-->[androidx.emoji2:emoji2:1.3.0] AndroidManifest.xml:27:13-37
149            <meta-data
149-->[androidx.emoji2:emoji2:1.3.0] AndroidManifest.xml:29:13-31:52
150                android:name="androidx.emoji2.text.EmojiCompatInitializer"
150-->[androidx.emoji2:emoji2:1.3.0] AndroidManifest.xml:30:17-75
151                android:value="androidx.startup" />
151-->[androidx.emoji2:emoji2:1.3.0] AndroidManifest.xml:31:17-49
152            <meta-data
152-->[androidx.lifecycle:lifecycle-process:2.8.6] AndroidManifest.xml:29:13-31:52
153                android:name="androidx.lifecycle.ProcessLifecycleInitializer"
153-->[androidx.lifecycle:lifecycle-process:2.8.6] AndroidManifest.xml:30:17-78
154                android:value="androidx.startup" />
154-->[androidx.lifecycle:lifecycle-process:2.8.6] AndroidManifest.xml:31:17-49
155            <meta-data
155-->[androidx.profileinstaller:profileinstaller:1.3.1] AndroidManifest.xml:29:13-31:52
156                android:name="androidx.profileinstaller.ProfileInstallerInitializer"
156-->[androidx.profileinstaller:profileinstaller:1.3.1] AndroidManifest.xml:30:17-85
157                android:value="androidx.startup" />
157-->[androidx.profileinstaller:profileinstaller:1.3.1] AndroidManifest.xml:31:17-49
158        </provider>
159
160        <meta-data
160-->[com.google.android.gms:play-services-basement:18.3.0] AndroidManifest.xml:21:9-23:69
161            android:name="com.google.android.gms.version"
161-->[com.google.android.gms:play-services-basement:18.3.0] AndroidManifest.xml:22:13-58
162            android:value="@integer/google_play_services_version" />
162-->[com.google.android.gms:play-services-basement:18.3.0] AndroidManifest.xml:23:13-66
163
164        <receiver
164-->[androidx.profileinstaller:profileinstaller:1.3.1] AndroidManifest.xml:34:9-52:20
165            android:name="androidx.profileinstaller.ProfileInstallReceiver"
165-->[androidx.profileinstaller:profileinstaller:1.3.1] AndroidManifest.xml:35:13-76
166            android:directBootAware="false"
166-->[androidx.profileinstaller:profileinstaller:1.3.1] AndroidManifest.xml:36:13-44
167            android:enabled="true"
167-->[androidx.profileinstaller:profileinstaller:1.3.1] AndroidManifest.xml:37:13-35
168            android:exported="true"
168-->[androidx.profileinstaller:profileinstaller:1.3.1] AndroidManifest.xml:38:13-36
169            android:permission="android.permission.DUMP" >
169-->[androidx.profileinstaller:profileinstaller:1.3.1] AndroidManifest.xml:39:13-57
170            <intent-filter>
170-->[androidx.profileinstaller:profileinstaller:1.3.1] AndroidManifest.xml:40:13-42:29
171                <action android:name="androidx.profileinstaller.action.INSTALL_PROFILE" />
171-->[androidx.profileinstaller:profileinstaller:1.3.1] AndroidManifest.xml:41:17-91
171-->[androidx.profileinstaller:profileinstaller:1.3.1] AndroidManifest.xml:41:25-88
172            </intent-filter>
173            <intent-filter>
173-->[androidx.profileinstaller:profileinstaller:1.3.1] AndroidManifest.xml:43:13-45:29
174                <action android:name="androidx.profileinstaller.action.SKIP_FILE" />
174-->[androidx.profileinstaller:profileinstaller:1.3.1] AndroidManifest.xml:44:17-85
174-->[androidx.profileinstaller:profileinstaller:1.3.1] AndroidManifest.xml:44:25-82
175            </intent-filter>
176            <intent-filter>
176-->[androidx.profileinstaller:profileinstaller:1.3.1] AndroidManifest.xml:46:13-48:29
177                <action android:name="androidx.profileinstaller.action.SAVE_PROFILE" />
177-->[androidx.profileinstaller:profileinstaller:1.3.1] AndroidManifest.xml:47:17-88
177-->[androidx.profileinstaller:profileinstaller:1.3.1] AndroidManifest.xml:47:25-85
178            </intent-filter>
179            <intent-filter>
179-->[androidx.profileinstaller:profileinstaller:1.3.1] AndroidManifest.xml:49:13-51:29
180                <action android:name="androidx.profileinstaller.action.BENCHMARK_OPERATION" />
180-->[androidx.profileinstaller:profileinstaller:1.3.1] AndroidManifest.xml:50:17-95
180-->[androidx.profileinstaller:profileinstaller:1.3.1] AndroidManifest.xml:50:25-92
181            </intent-filter>
182        </receiver>
183    </application>
184
185</manifest>